  Project.cpp
C:\Users\danil\Desktop\coursework 3\Project\Project.cpp(78,27): warning C4018: <: несоответствие типов со знаком и без знака
C:\Users\danil\Desktop\coursework 3\Project\Project.cpp(64,25): warning C4018: <: несоответствие типов со знаком и без знака
      C:\Users\danil\Desktop\coursework 3\Project\Project.cpp(64,25):
      контекст создания экземпляра шаблона (сначала самый старый)
          C:\Users\danil\Desktop\coursework 3\Project\Project.cpp(173,20):
          выполняется компиляция ссылки на экземпляр класс шаблон функции "Graph<int64_t,int64_t>"
          C:\Users\danil\Desktop\coursework 3\Project\Project.cpp(63,10):
          во время компиляции функции-члена класс шаблон "void Graph<int64_t,int64_t>::show(void) const"
              C:\Users\danil\Desktop\coursework 3\Project\Project.cpp(175,23):
              см. первую ссылку на "Graph<int64_t,int64_t>::show" в "main"
  
C:\Users\danil\Desktop\coursework 3\Project\Project.cpp(66,29): warning C4018: <: несоответствие типов со знаком и без знака
C:\Users\danil\Desktop\coursework 3\Project\Project.cpp(50,21): error C2676: бинарный "[": "_Ty" не определяет этот оператор или преобразование к типу приемлемо к встроенному оператору
C:\Users\danil\Desktop\coursework 3\Project\Project.cpp(50,21): error C2676:         with
C:\Users\danil\Desktop\coursework 3\Project\Project.cpp(50,21): error C2676:         [
C:\Users\danil\Desktop\coursework 3\Project\Project.cpp(50,21): error C2676:             _Ty=Edge<int64_t,int64_t>
C:\Users\danil\Desktop\coursework 3\Project\Project.cpp(50,21): error C2676:         ]
      C:\Users\danil\Desktop\coursework 3\Project\Project.cpp(50,21):
      контекст создания экземпляра шаблона (сначала самый старый)
          C:\Users\danil\Desktop\coursework 3\Project\Project.cpp(47,5):
          во время компиляции функции-члена класс шаблон "Graph<int64_t,int64_t>::Graph(Edges<int64_t,int64_t> &)"
              C:\Users\danil\Desktop\coursework 3\Project\Project.cpp(177,25):
              см. первую ссылку на "Graph<int64_t,int64_t>::Graph" в "main"
  
C:\Users\danil\Desktop\coursework 3\Project\Project.cpp(50,55): error C2676: бинарный "[": "_Ty" не определяет этот оператор или преобразование к типу приемлемо к встроенному оператору
C:\Users\danil\Desktop\coursework 3\Project\Project.cpp(50,55): error C2676:         with
C:\Users\danil\Desktop\coursework 3\Project\Project.cpp(50,55): error C2676:         [
C:\Users\danil\Desktop\coursework 3\Project\Project.cpp(50,55): error C2676:             _Ty=Edge<int64_t,int64_t>
C:\Users\danil\Desktop\coursework 3\Project\Project.cpp(50,55): error C2676:         ]
C:\Users\danil\Desktop\coursework 3\Project\Project.cpp(50,61): error C2676: бинарный "[": "_Ty" не определяет этот оператор или преобразование к типу приемлемо к встроенному оператору
C:\Users\danil\Desktop\coursework 3\Project\Project.cpp(50,61): error C2676:         with
C:\Users\danil\Desktop\coursework 3\Project\Project.cpp(50,61): error C2676:         [
C:\Users\danil\Desktop\coursework 3\Project\Project.cpp(50,61): error C2676:             _Ty=Edge<int64_t,int64_t>
C:\Users\danil\Desktop\coursework 3\Project\Project.cpp(50,61): error C2676:         ]
C:\Users\danil\Desktop\coursework 3\Project\Project.cpp(50,42): error C2672: "std::make_pair": не найдена соответствующая перегруженная функция
      C:\Program Files\Microsoft Visual Studio\2022\Community\VC\Tools\MSVC\14.41.34120\include\utility(556,67):
      может быть "std::pair<_Unrefwrap_helper<decay<_Ty>::type>::type,_Unrefwrap_helper<decay<_Ty2>::type>::type> std::make_pair(_Ty1 &&,_Ty2 &&) noexcept(<expr>)"
          C:\Users\danil\Desktop\coursework 3\Project\Project.cpp(50,42):
          "std::pair<_Unrefwrap_helper<decay<_Ty>::type>::type,_Unrefwrap_helper<decay<_Ty2>::type>::type> std::make_pair(_Ty1 &&,_Ty2 &&) noexcept(<expr>)": ожидаются аргументы 2 — 1 предоставлены
  
C:\Users\danil\Desktop\coursework 3\Project\Project.cpp(51,21): error C2676: бинарный "[": "_Ty" не определяет этот оператор или преобразование к типу приемлемо к встроенному оператору
C:\Users\danil\Desktop\coursework 3\Project\Project.cpp(51,21): error C2676:         with
C:\Users\danil\Desktop\coursework 3\Project\Project.cpp(51,21): error C2676:         [
C:\Users\danil\Desktop\coursework 3\Project\Project.cpp(51,21): error C2676:             _Ty=Edge<int64_t,int64_t>
C:\Users\danil\Desktop\coursework 3\Project\Project.cpp(51,21): error C2676:         ]
C:\Users\danil\Desktop\coursework 3\Project\Project.cpp(51,55): error C2676: бинарный "[": "_Ty" не определяет этот оператор или преобразование к типу приемлемо к встроенному оператору
C:\Users\danil\Desktop\coursework 3\Project\Project.cpp(51,55): error C2676:         with
C:\Users\danil\Desktop\coursework 3\Project\Project.cpp(51,55): error C2676:         [
C:\Users\danil\Desktop\coursework 3\Project\Project.cpp(51,55): error C2676:             _Ty=Edge<int64_t,int64_t>
C:\Users\danil\Desktop\coursework 3\Project\Project.cpp(51,55): error C2676:         ]
C:\Users\danil\Desktop\coursework 3\Project\Project.cpp(51,61): error C2676: бинарный "[": "_Ty" не определяет этот оператор или преобразование к типу приемлемо к встроенному оператору
C:\Users\danil\Desktop\coursework 3\Project\Project.cpp(51,61): error C2676:         with
C:\Users\danil\Desktop\coursework 3\Project\Project.cpp(51,61): error C2676:         [
C:\Users\danil\Desktop\coursework 3\Project\Project.cpp(51,61): error C2676:             _Ty=Edge<int64_t,int64_t>
C:\Users\danil\Desktop\coursework 3\Project\Project.cpp(51,61): error C2676:         ]
C:\Users\danil\Desktop\coursework 3\Project\Project.cpp(51,42): error C2672: "std::make_pair": не найдена соответствующая перегруженная функция
      C:\Program Files\Microsoft Visual Studio\2022\Community\VC\Tools\MSVC\14.41.34120\include\utility(556,67):
      может быть "std::pair<_Unrefwrap_helper<decay<_Ty>::type>::type,_Unrefwrap_helper<decay<_Ty2>::type>::type> std::make_pair(_Ty1 &&,_Ty2 &&) noexcept(<expr>)"
          C:\Users\danil\Desktop\coursework 3\Project\Project.cpp(51,42):
          "std::pair<_Unrefwrap_helper<decay<_Ty>::type>::type,_Unrefwrap_helper<decay<_Ty2>::type>::type> std::make_pair(_Ty1 &&,_Ty2 &&) noexcept(<expr>)": ожидаются аргументы 2 — 1 предоставлены
  
